<?xml version="1.0" encoding="utf-8"?><testsuites name="pytest tests"><testsuite name="pytest" errors="0" failures="0" skipped="0" tests="41" time="23.391" timestamp="2026-04-17T11:11:49.557123+00:00" hostname="agent-env-a6464910-1e32-4f6a-9398-fcacc26afe97"><testcase classname="tests.test_herko_api.TestAuthEndpoints" name="test_login_success" time="0.585" /><testcase classname="tests.test_herko_api.TestAuthEndpoints" name="test_login_invalid_credentials" time="0.125" /><testcase classname="tests.test_herko_api.TestAuthEndpoints" name="test_register_new_user" time="0.379" /><testcase classname="tests.test_herko_api.TestAuthEndpoints" name="test_register_duplicate_email" time="0.179" /><testcase classname="tests.test_herko_api.TestAuthEndpoints" name="test_get_me_authenticated" time="0.502" /><testcase classname="tests.test_herko_api.TestAuthEndpoints" name="test_get_me_unauthenticated" time="0.145" /><testcase classname="tests.test_herko_api.TestAuthEndpoints" name="test_switch_role" time="0.473" /><testcase classname="tests.test_herko_api.TestAuthEndpoints" name="test_switch_role_invalid" time="0.488" /><testcase classname="tests.test_herko_api.TestDashboardEndpoints" name="test_dashboard_stats" time="0.540" /><testcase classname="tests.test_herko_api.TestSoftwareReleaseEndpoints" name="test_list_software_releases" time="0.434" /><testcase classname="tests.test_herko_api.TestSoftwareReleaseEndpoints" name="test_list_software_releases_with_filter" time="0.467" /><testcase classname="tests.test_herko_api.TestSoftwareReleaseEndpoints" name="test_create_software_release" time="0.546" /><testcase classname="tests.test_herko_api.TestSoftwareReleaseEndpoints" name="test_validate_release_without_a2l" time="0.679" /><testcase classname="tests.test_herko_api.TestSoftwareReleaseEndpoints" name="test_validate_release_with_a2l" time="0.758" /><testcase classname="tests.test_herko_api.TestDatasetEndpoints" name="test_list_datasets" time="0.453" /><testcase classname="tests.test_herko_api.TestDatasetEndpoints" name="test_list_datasets_with_filter" time="0.450" /><testcase classname="tests.test_herko_api.TestDatasetEndpoints" name="test_get_dataset_bundle" time="0.546" /><testcase classname="tests.test_herko_api.TestDatasetEndpoints" name="test_create_dataset_from_valid_sr" time="0.545" /><testcase classname="tests.test_herko_api.TestDatasetEndpoints" name="test_create_dataset_from_invalid_sr" time="0.547" /><testcase classname="tests.test_herko_api.TestDatasetEndpoints" name="test_reuse_baseline_restriction" time="0.536" /><testcase classname="tests.test_herko_api.TestDatasetWorkflowEndpoints" name="test_technical_validate" time="0.561" /><testcase classname="tests.test_herko_api.TestDatasetWorkflowEndpoints" name="test_attach_vnv" time="0.569" /><testcase classname="tests.test_herko_api.TestDatasetWorkflowEndpoints" name="test_submit_approval_requirements" time="0.533" /><testcase classname="tests.test_herko_api.TestDatasetWorkflowEndpoints" name="test_review_domain" time="0.557" /><testcase classname="tests.test_herko_api.TestDatasetWorkflowEndpoints" name="test_approve_requires_all_reviews" time="0.594" /><testcase classname="tests.test_herko_api.TestDatasetWorkflowEndpoints" name="test_release_select_requires_approved" time="0.555" /><testcase classname="tests.test_herko_api.TestDatasetWorkflowEndpoints" name="test_deprecate_requires_justification" time="0.559" /><testcase classname="tests.test_herko_api.TestDatasetWorkflowEndpoints" name="test_derive_post_sales_requires_released" time="0.555" /><testcase classname="tests.test_herko_api.TestLabelEndpoints" name="test_list_labels" time="0.562" /><testcase classname="tests.test_herko_api.TestLabelEndpoints" name="test_update_label" time="0.664" /><testcase classname="tests.test_herko_api.TestLabelEndpoints" name="test_regulatory_label_requires_justification" time="0.712" /><testcase classname="tests.test_herko_api.TestLabelEndpoints" name="test_read_only_state_blocks_edits" time="0.679" /><testcase classname="tests.test_herko_api.TestLabelEndpoints" name="test_mass_update_labels" time="0.663" /><testcase classname="tests.test_herko_api.TestVehicleSWIDEndpoints" name="test_list_vehicle_sw_ids" time="0.436" /><testcase classname="tests.test_herko_api.TestVehicleSWIDEndpoints" name="test_create_vehicle_sw_id_requires_release_candidate" time="0.840" /><testcase classname="tests.test_herko_api.TestVehicleSWIDEndpoints" name="test_create_vehicle_sw_id_transitions_to_released" time="0.641" /><testcase classname="tests.test_herko_api.TestTraceabilityAndAudit" name="test_traceability" time="0.439" /><testcase classname="tests.test_herko_api.TestTraceabilityAndAudit" name="test_audit_log" time="0.473" /><testcase classname="tests.test_herko_api.TestTraceabilityAndAudit" name="test_compare_datasets" time="0.608" /><testcase classname="tests.test_herko_api.TestSeedEndpoint" name="test_seed_requires_auth" time="0.106" /><testcase classname="tests.test_herko_api.TestSeedEndpoint" name="test_seed_reseeds_data" time="2.492" /></testsuite></testsuites>